[0.402s] DEBUG:colcon:Command line arguments: ['/usr/bin/colcon', 'list', '-p', '--base-paths', '/home/chenlu/Documents/quadrupedal_foothold_planner']
[0.402s] DEBUG:colcon:Parsed command line arguments: Namespace(base_paths=['/home/chenlu/Documents/quadrupedal_foothold_planner'], build_base='build', ignore_user_meta=False, log_base=None, log_level=None, main=<bound method ListVerb.main of <colcon_package_information.verb.list.ListVerb object at 0x7f8d8b663e20>>, metas=['./colcon.meta'], names_only=False, packages_above=None, packages_above_and_dependencies=None, packages_above_depth=None, packages_end=None, packages_ignore=None, packages_ignore_regex=None, packages_select=None, packages_select_build_failed=False, packages_select_by_dep=None, packages_select_regex=None, packages_select_test_failures=False, packages_skip=None, packages_skip_build_finished=False, packages_skip_by_dep=None, packages_skip_regex=None, packages_skip_test_passed=False, packages_skip_up_to=None, packages_start=None, packages_up_to=None, packages_up_to_regex=None, paths=None, paths_only=True, topological_graph=False, topological_graph_density=False, topological_graph_dot=False, topological_graph_dot_cluster=False, topological_graph_dot_include_skipped=False, topological_graph_legend=False, topological_order=False, verb_extension=<colcon_package_information.verb.list.ListVerb object at 0x7f8d8b663e20>, verb_name='list', verb_parser=<colcon_defaults.argument_parser.defaults.DefaultArgumentsDecorator object at 0x7f8d8b4fae50>)
[0.440s] Level 1:colcon.colcon_core.package_discovery:discover_packages(colcon_meta) check parameters
[0.440s] Level 1:colcon.colcon_core.package_discovery:discover_packages(recursive) check parameters
[0.440s] Level 1:colcon.colcon_core.package_discovery:discover_packages(ignore) check parameters
[0.440s] Level 1:colcon.colcon_core.package_discovery:discover_packages(path) check parameters
[0.440s] Level 1:colcon.colcon_core.package_discovery:discover_packages(recursive) discover
[0.440s] INFO:colcon.colcon_core.package_discovery:Crawling recursively for packages in '/home/chenlu/Documents/quadrupedal_foothold_planner'
[0.440s] Level 1:colcon.colcon_core.package_identification:_identify(/home/chenlu/Documents/quadrupedal_foothold_planner) by extensions ['ignore', 'ignore_ament_install']
[0.440s] Level 1:colcon.colcon_core.package_identification:_identify(/home/chenlu/Documents/quadrupedal_foothold_planner) by extension 'ignore'
[0.440s] Level 1:colcon.colcon_core.package_identification:_identify(/home/chenlu/Documents/quadrupedal_foothold_planner) by extension 'ignore_ament_install'
[0.440s] Level 1:colcon.colcon_core.package_identification:_identify(/home/chenlu/Documents/quadrupedal_foothold_planner) by extensions ['colcon_pkg']
[0.440s] Level 1:colcon.colcon_core.package_identification:_identify(/home/chenlu/Documents/quadrupedal_foothold_planner) by extension 'colcon_pkg'
[0.441s] Level 1:colcon.colcon_core.package_identification:_identify(/home/chenlu/Documents/quadrupedal_foothold_planner) by extensions ['colcon_meta']
[0.441s] Level 1:colcon.colcon_core.package_identification:_identify(/home/chenlu/Documents/quadrupedal_foothold_planner) by extension 'colcon_meta'
[0.441s] Level 1:colcon.colcon_core.package_identification:_identify(/home/chenlu/Documents/quadrupedal_foothold_planner) by extensions ['ros']
[0.441s] Level 1:colcon.colcon_core.package_identification:_identify(/home/chenlu/Documents/quadrupedal_foothold_planner) by extension 'ros'
[0.455s] Level 1:colcon.colcon_core.package_identification:_identify(/home/chenlu/Documents/quadrupedal_foothold_planner) by extensions ['cmake', 'python']
[0.455s] Level 1:colcon.colcon_core.package_identification:_identify(/home/chenlu/Documents/quadrupedal_foothold_planner) by extension 'cmake'
[0.455s] Level 1:colcon.colcon_core.package_identification:_identify(/home/chenlu/Documents/quadrupedal_foothold_planner) by extension 'python'
[0.455s] Level 1:colcon.colcon_core.package_identification:_identify(/home/chenlu/Documents/quadrupedal_foothold_planner) by extensions ['python_setup_py']
[0.455s] Level 1:colcon.colcon_core.package_identification:_identify(/home/chenlu/Documents/quadrupedal_foothold_planner) by extension 'python_setup_py'
[0.456s] Level 1:colcon.colcon_core.package_identification:_identify(/home/chenlu/Documents/quadrupedal_foothold_planner/foothold_planner) by extensions ['ignore', 'ignore_ament_install']
[0.456s] Level 1:colcon.colcon_core.package_identification:_identify(/home/chenlu/Documents/quadrupedal_foothold_planner/foothold_planner) by extension 'ignore'
[0.456s] Level 1:colcon.colcon_core.package_identification:_identify(/home/chenlu/Documents/quadrupedal_foothold_planner/foothold_planner) by extension 'ignore_ament_install'
[0.456s] Level 1:colcon.colcon_core.package_identification:_identify(/home/chenlu/Documents/quadrupedal_foothold_planner/foothold_planner) by extensions ['colcon_pkg']
[0.456s] Level 1:colcon.colcon_core.package_identification:_identify(/home/chenlu/Documents/quadrupedal_foothold_planner/foothold_planner) by extension 'colcon_pkg'
[0.456s] Level 1:colcon.colcon_core.package_identification:_identify(/home/chenlu/Documents/quadrupedal_foothold_planner/foothold_planner) by extensions ['colcon_meta']
[0.456s] Level 1:colcon.colcon_core.package_identification:_identify(/home/chenlu/Documents/quadrupedal_foothold_planner/foothold_planner) by extension 'colcon_meta'
[0.456s] Level 1:colcon.colcon_core.package_identification:_identify(/home/chenlu/Documents/quadrupedal_foothold_planner/foothold_planner) by extensions ['ros']
[0.456s] Level 1:colcon.colcon_core.package_identification:_identify(/home/chenlu/Documents/quadrupedal_foothold_planner/foothold_planner) by extension 'ros'
[0.460s] DEBUG:colcon.colcon_core.package_identification:Package '/home/chenlu/Documents/quadrupedal_foothold_planner/foothold_planner' with type 'ros.catkin' and name 'foothold_planner'
[0.460s] Level 1:colcon.colcon_core.package_identification:_identify(/home/chenlu/Documents/quadrupedal_foothold_planner/foothold_planner_msgs) by extensions ['ignore', 'ignore_ament_install']
[0.460s] Level 1:colcon.colcon_core.package_identification:_identify(/home/chenlu/Documents/quadrupedal_foothold_planner/foothold_planner_msgs) by extension 'ignore'
[0.460s] Level 1:colcon.colcon_core.package_identification:_identify(/home/chenlu/Documents/quadrupedal_foothold_planner/foothold_planner_msgs) by extension 'ignore_ament_install'
[0.460s] Level 1:colcon.colcon_core.package_identification:_identify(/home/chenlu/Documents/quadrupedal_foothold_planner/foothold_planner_msgs) by extensions ['colcon_pkg']
[0.460s] Level 1:colcon.colcon_core.package_identification:_identify(/home/chenlu/Documents/quadrupedal_foothold_planner/foothold_planner_msgs) by extension 'colcon_pkg'
[0.460s] Level 1:colcon.colcon_core.package_identification:_identify(/home/chenlu/Documents/quadrupedal_foothold_planner/foothold_planner_msgs) by extensions ['colcon_meta']
[0.460s] Level 1:colcon.colcon_core.package_identification:_identify(/home/chenlu/Documents/quadrupedal_foothold_planner/foothold_planner_msgs) by extension 'colcon_meta'
[0.461s] Level 1:colcon.colcon_core.package_identification:_identify(/home/chenlu/Documents/quadrupedal_foothold_planner/foothold_planner_msgs) by extensions ['ros']
[0.461s] Level 1:colcon.colcon_core.package_identification:_identify(/home/chenlu/Documents/quadrupedal_foothold_planner/foothold_planner_msgs) by extension 'ros'
[0.462s] DEBUG:colcon.colcon_core.package_identification:Package '/home/chenlu/Documents/quadrupedal_foothold_planner/foothold_planner_msgs' with type 'ros.catkin' and name 'foothold_planner_msgs'
[0.462s] Level 1:colcon.colcon_core.package_identification:_identify(/home/chenlu/Documents/quadrupedal_foothold_planner/log) by extensions ['ignore', 'ignore_ament_install']
[0.462s] Level 1:colcon.colcon_core.package_identification:_identify(/home/chenlu/Documents/quadrupedal_foothold_planner/log) by extension 'ignore'
[0.462s] Level 1:colcon.colcon_core.package_identification:_identify(/home/chenlu/Documents/quadrupedal_foothold_planner/log) ignored
[0.462s] Level 1:colcon.colcon_core.package_identification:_identify(/home/chenlu/Documents/quadrupedal_foothold_planner/materials) by extensions ['ignore', 'ignore_ament_install']
[0.462s] Level 1:colcon.colcon_core.package_identification:_identify(/home/chenlu/Documents/quadrupedal_foothold_planner/materials) by extension 'ignore'
[0.462s] Level 1:colcon.colcon_core.package_identification:_identify(/home/chenlu/Documents/quadrupedal_foothold_planner/materials) by extension 'ignore_ament_install'
[0.462s] Level 1:colcon.colcon_core.package_identification:_identify(/home/chenlu/Documents/quadrupedal_foothold_planner/materials) by extensions ['colcon_pkg']
[0.463s] Level 1:colcon.colcon_core.package_identification:_identify(/home/chenlu/Documents/quadrupedal_foothold_planner/materials) by extension 'colcon_pkg'
[0.463s] Level 1:colcon.colcon_core.package_identification:_identify(/home/chenlu/Documents/quadrupedal_foothold_planner/materials) by extensions ['colcon_meta']
[0.463s] Level 1:colcon.colcon_core.package_identification:_identify(/home/chenlu/Documents/quadrupedal_foothold_planner/materials) by extension 'colcon_meta'
[0.463s] Level 1:colcon.colcon_core.package_identification:_identify(/home/chenlu/Documents/quadrupedal_foothold_planner/materials) by extensions ['ros']
[0.463s] Level 1:colcon.colcon_core.package_identification:_identify(/home/chenlu/Documents/quadrupedal_foothold_planner/materials) by extension 'ros'
[0.463s] Level 1:colcon.colcon_core.package_identification:_identify(/home/chenlu/Documents/quadrupedal_foothold_planner/materials) by extensions ['cmake', 'python']
[0.463s] Level 1:colcon.colcon_core.package_identification:_identify(/home/chenlu/Documents/quadrupedal_foothold_planner/materials) by extension 'cmake'
[0.463s] Level 1:colcon.colcon_core.package_identification:_identify(/home/chenlu/Documents/quadrupedal_foothold_planner/materials) by extension 'python'
[0.463s] Level 1:colcon.colcon_core.package_identification:_identify(/home/chenlu/Documents/quadrupedal_foothold_planner/materials) by extensions ['python_setup_py']
[0.463s] Level 1:colcon.colcon_core.package_identification:_identify(/home/chenlu/Documents/quadrupedal_foothold_planner/materials) by extension 'python_setup_py'
[0.463s] Level 1:colcon.colcon_core.package_discovery:discover_packages(recursive) using defaults
